<?xml version='1.0' encoding='utf-8'?>
<testsuite name="sql-file-detection-certification-azure" tests="36" failures="0"><testcase classname="azure.H1" name="C01 csv_scalar create_table (none)" /><testcase classname="azure.H2" name="C02 utf8_bom bulk_insert (blob_storage)" /><testcase classname="azure.H2" name="C03 utf16le_bom bulk_insert (blob_storage)" /><testcase classname="azure.H2" name="C04 cp932 bulk_insert (blob_storage)" /><testcase classname="azure.H2" name="C05 utf16le_bom external_file_format (abs)" /><testcase classname="azure.H2" name="C06 cp932 external_file_format (abs)" /><testcase classname="azure.H3" name="C07 json_array json_functions (engine_local)"><skipped message="NOT_EXECUTABLE" /></testcase><testcase classname="azure.H3" name="C08 json_array openrowset (blob_storage)" /><testcase classname="azure.H3" name="C09 ndjson openrowset (abs)" /><testcase classname="azure.H3" name="C10 json_array openrowset (abs)" /><testcase classname="azure.H3" name="C11 json_nested json_functions (engine_local)"><skipped message="NOT_EXECUTABLE" /></testcase><testcase classname="azure.H3" name="C12 json_object for_json (none)" /><testcase classname="azure.H6" name="C13 csv_scalar openrowset (abs)" /><testcase classname="azure.H6" name="C14 csv_scalar bulk_insert (blob_storage)" /><testcase classname="azure.H_FIRSTROW" name="C16 csv_scalar external_file_format (abs)" /><testcase classname="azure.H_FIRSTROW" name="C17 csv_scalar create_external_table (abs)" /><testcase classname="azure.H10" name="C18 parquet_all_types create_external_table (abs)"><skipped message="NOT_EXECUTABLE" /></testcase><testcase classname="azure.H10" name="C19 parquet_all_types create_table (none)" /><testcase classname="azure.H5" name="C20 csv_scalar external_file_format (abs)" /><testcase classname="azure.H4" name="C21 excel external_file_format (abs)"><skipped message="NOT_EXECUTABLE" /></testcase><testcase classname="azure.H4" name="C22 iceberg external_file_format (abs)"><skipped message="NOT_EXECUTABLE" /></testcase><testcase classname="azure.H4" name="C32 json_array external_file_format (abs)"><skipped message="NOT_EXECUTABLE" /></testcase><testcase classname="azure.H4" name="C24 text create_table (none)" /><testcase classname="azure.H10" name="C25 delta openrowset (abs)" /><testcase classname="azure.H8" name="C26 csv_scalar credential_setup (abs)" /><testcase classname="azure.H8" name="C27 csv_scalar credential_setup (abs)" /><testcase classname="azure.H7" name="C28 csv_scalar complete_ddl (abs)" /><testcase classname="azure.H7" name="C29 csv_scalar complete_ddl (abs)" /><testcase classname="azure.H1" name="C30 csv_scalar create_table (none)"><skipped message="BLOCKED" /></testcase><testcase classname="azure.H9" name="C31 csv_scalar external_file_format (none)" /><testcase classname="azure.H10" name="C33 parquet_sales create_external_table (abs)" /><testcase classname="azure.H6" name="C34 tsv openrowset (abs)" /><testcase classname="azure.H6" name="C35 pipe openrowset (abs)" /><testcase classname="azure.H2" name="C36 utf8 bulk_insert (blob_storage)" /><testcase classname="azure.H2" name="C37 collation openrowset (abs)" /><testcase classname="azure.H2" name="C38 utf16le_bom_tsv bulk_insert (blob_storage)" /></testsuite>