<?xml version='1.0' encoding='utf-8'?>
<testsuite name="sql-file-detection-certification-vm" tests="32" failures="0"><testcase classname="vm.H1" name="C01 csv_scalar create_table (none)" /><testcase classname="vm.H2" name="C02 utf8_bom bulk_insert (blob_storage)" /><testcase classname="vm.H2" name="C03 utf16le_bom bulk_insert (blob_storage)" /><testcase classname="vm.H2" name="C04 cp932 bulk_insert (blob_storage)" /><testcase classname="vm.H2" name="C05 utf16le_bom external_file_format (abs)" /><testcase classname="vm.H2" name="C06 cp932 external_file_format (abs)" /><testcase classname="vm.H3" name="C07 json_array json_functions (engine_local)"><skipped message="NOT_EXECUTABLE" /></testcase><testcase classname="vm.H3" name="C08 json_array openrowset (blob_storage)" /><testcase classname="vm.H3" name="C09 ndjson openrowset (abs)" /><testcase classname="vm.H3" name="C10 json_array openrowset (abs)" /><testcase classname="vm.H3" name="C11 json_nested json_functions (engine_local)"><skipped message="NOT_EXECUTABLE" /></testcase><testcase classname="vm.H3" name="C12 json_object for_json (none)" /><testcase classname="vm.H6" name="C13 csv_scalar openrowset (abs)" /><testcase classname="vm.H6" name="C14 csv_scalar bulk_insert (blob_storage)" /><testcase classname="vm.H6" name="C15 csv_scalar openrowset (engine_local)"><failure message="NOT_EXECUTABLE: CSV from a path the engine can open itself. The generated OPENROWSET must be runnable, not a FORMATFILE placeholder." type="NOT_EXECUTABLE">sql_excludes: expected '&lt;path_to_format_file.xml&gt;', got None not evaluated: the generator produced no output</failure></testcase><testcase classname="vm.H_FIRSTROW" name="C16 csv_scalar external_file_format (abs)" /><testcase classname="vm.H_FIRSTROW" name="C17 csv_scalar create_external_table (abs)" /><testcase classname="vm.H10" name="C18 parquet_all_types create_external_table (abs)"><skipped message="NOT_EXECUTABLE" /></testcase><testcase classname="vm.H10" name="C19 parquet_all_types create_table (none)" /><testcase classname="vm.H5" name="C20 csv_scalar external_file_format (abs)" /><testcase classname="vm.H4" name="C21 excel external_file_format (abs)"><skipped message="NOT_EXECUTABLE" /></testcase><testcase classname="vm.H4" name="C22 iceberg external_file_format (abs)"><skipped message="NOT_EXECUTABLE" /></testcase><testcase classname="vm.H4" name="C32 json_array external_file_format (abs)"><skipped message="NOT_EXECUTABLE" /></testcase><testcase classname="vm.H4" name="C23 orc external_file_format (abs)" /><testcase classname="vm.H4" name="C24 text create_table (none)" /><testcase classname="vm.H10" name="C25 delta openrowset (abs)" /><testcase classname="vm.H8" name="C27 csv_scalar credential_setup (abs)" /><testcase classname="vm.H7" name="C28 csv_scalar complete_ddl (abs)" /><testcase classname="vm.H7" name="C29 csv_scalar complete_ddl (abs)" /><testcase classname="vm.H1" name="C30 csv_scalar create_table (none)"><skipped message="BLOCKED" /></testcase><testcase classname="vm.H9" name="C31 csv_scalar external_file_format (none)" /><testcase classname="vm.H10" name="C33 parquet_sales create_external_table (abs)" /></testsuite>